
  .   ____          _            __ _ _
 /\\ / ___'_ __ _ _(_)_ __  __ _ \ \ \ \
( ( )\___ | '_ | '_| | '_ \/ _` | \ \ \ \
 \\/  ___)| |_)| | | | | || (_| |  ) ) ) )
  '  |____| .__|_| |_|_| |_\__, | / / / /
 =========|_|==============|___/=/_/_/_/

 :: Spring Boot ::                (v3.3.5)

2026-05-12T21:39:11.985+02:00  INFO 6260 --- [socialnetwork] [           main] c.s.s.SocialnetworkApplication           : Starting SocialnetworkApplication v0.0.1-SNAPSHOT using Java 21.0.9 with PID 6260 (D:\Project\social_network\socialnetwork\target\socialnetwork-0.0.1-SNAPSHOT.jar started by wendi in D:\Project\social_network)
2026-05-12T21:39:11.988+02:00  INFO 6260 --- [socialnetwork] [           main] c.s.s.SocialnetworkApplication           : The following 1 profile is active: "dev"
2026-05-12T21:39:13.119+02:00  INFO 6260 --- [socialnetwork] [           main] .s.d.r.c.RepositoryConfigurationDelegate : Bootstrapping Spring Data JPA repositories in DEFAULT mode.
2026-05-12T21:39:13.253+02:00  INFO 6260 --- [socialnetwork] [           main] .s.d.r.c.RepositoryConfigurationDelegate : Finished Spring Data repository scanning in 125 ms. Found 22 JPA repository interfaces.
2026-05-12T21:39:14.449+02:00  INFO 6260 --- [socialnetwork] [           main] o.s.b.w.embedded.tomcat.TomcatWebServer  : Tomcat initialized with port 8080 (http)
2026-05-12T21:39:14.469+02:00  INFO 6260 --- [socialnetwork] [           main] o.apache.catalina.core.StandardService   : Starting service [Tomcat]
2026-05-12T21:39:14.469+02:00  INFO 6260 --- [socialnetwork] [           main] o.apache.catalina.core.StandardEngine    : Starting Servlet engine: [Apache Tomcat/10.1.31]
2026-05-12T21:39:14.539+02:00  INFO 6260 --- [socialnetwork] [           main] o.a.c.c.C.[Tomcat].[localhost].[/]       : Initializing Spring embedded WebApplicationContext
2026-05-12T21:39:14.540+02:00  INFO 6260 --- [socialnetwork] [           main] w.s.c.ServletWebServerApplicationContext : Root WebApplicationContext: initialization completed in 2501 ms
2026-05-12T21:39:14.911+02:00  INFO 6260 --- [socialnetwork] [           main] o.hibernate.jpa.internal.util.LogHelper  : HHH000204: Processing PersistenceUnitInfo [name: default]
2026-05-12T21:39:15.104+02:00  INFO 6260 --- [socialnetwork] [           main] org.hibernate.Version                    : HHH000412: Hibernate ORM core version 6.5.3.Final
2026-05-12T21:39:15.147+02:00  INFO 6260 --- [socialnetwork] [           main] o.h.c.internal.RegionFactoryInitiator    : HHH000026: Second-level cache disabled
2026-05-12T21:39:15.404+02:00  INFO 6260 --- [socialnetwork] [           main] o.s.o.j.p.SpringPersistenceUnitInfo      : No LoadTimeWeaver setup: ignoring JPA class transformer
2026-05-12T21:39:15.425+02:00  INFO 6260 --- [socialnetwork] [           main] com.zaxxer.hikari.HikariDataSource       : HikariPool-1 - Starting...
2026-05-12T21:39:15.512+02:00  INFO 6260 --- [socialnetwork] [           main] com.zaxxer.hikari.pool.HikariPool        : HikariPool-1 - Added connection org.mariadb.jdbc.Connection@f10d055
2026-05-12T21:39:15.514+02:00  INFO 6260 --- [socialnetwork] [           main] com.zaxxer.hikari.HikariDataSource       : HikariPool-1 - Start completed.
2026-05-12T21:39:15.533+02:00  WARN 6260 --- [socialnetwork] [           main] org.hibernate.orm.deprecation            : HHH90000025: MariaDBDialect does not need to be specified explicitly using 'hibernate.dialect' (remove the property setting and it will be selected by default)
2026-05-12T21:39:16.702+02:00  INFO 6260 --- [socialnetwork] [           main] o.h.e.t.j.p.i.JtaPlatformInitiator       : HHH000489: No JTA platform available (set 'hibernate.transaction.jta.platform' to enable JTA platform integration)
2026-05-12T21:39:16.703+02:00  INFO 6260 --- [socialnetwork] [           main] j.LocalContainerEntityManagerFactoryBean : Initialized JPA EntityManagerFactory for persistence unit 'default'
2026-05-12T21:39:17.176+02:00  INFO 6260 --- [socialnetwork] [           main] o.s.d.j.r.query.QueryEnhancerFactory     : Hibernate is in classpath; If